<?xml version="1.0" encoding="UTF-8"?>
<!-- Generated by org.testng.reporters.JUnitReportReporter -->
<testsuite skipped="0" hostname="JAIPRASHANTH" name="All_concepts.BUttons" tests="2" failures="0" timestamp="2020-07-03T11:38:21 IST" time="36.046" errors="0">
  <testcase name="selectclasss" time="0.969" classname="All_concepts.BUttons"/>
  <system-out/>
  <testcase name="button" time="35.077" classname="All_concepts.BUttons"/>
  <system-out/>
</testsuite> <!-- All_concepts.BUttons -->
