<?xml version="1.0" encoding="UTF-8"?>
<!-- Generated by org.testng.reporters.JUnitReportReporter -->
<testsuite skipped="0" hostname="JAIPRASHANTH" name="W3resources_ARRAY.Sort_numberic_array" tests="1" failures="0" timestamp="2020-07-09T16:27:45 IST" time="0.021" errors="0">
  <testcase name="numberarray" time="0.021" classname="W3resources_ARRAY.Sort_numberic_array"/>
</testsuite> <!-- W3resources_ARRAY.Sort_numberic_array -->
