<?xml version="1.0" encoding="UTF-8"?>
<!-- Generated by org.testng.reporters.JUnitReportReporter -->
<testsuite skipped="0" hostname="JAIPRASHANTH" name="All_concepts.DatadrivenTesting" tests="1" failures="0" timestamp="2020-07-02T16:53:01 IST" time="1.710" errors="0">
  <testcase name="dataDriven" time="1.710" classname="All_concepts.DatadrivenTesting"/>
  <system-out/>
</testsuite> <!-- All_concepts.DatadrivenTesting -->
