<?xml version="1.0" encoding="UTF-8"?>
<!-- Generated by org.testng.reporters.JUnitReportReporter -->
<testsuite skipped="0" hostname="JAIPRASHANTH" name="All_concepts.WebTables" tests="1" failures="0" timestamp="2020-07-03T09:58:30 IST" time="32.805" errors="0">
  <testcase name="WebTablemethod" time="32.805" classname="All_concepts.WebTables"/>
  <system-out/>
</testsuite> <!-- All_concepts.WebTables -->
